Nov 15 04:54:16 random-user gunicorn[22280]:  - - [15/Nov/2020:04:54:16 +0000] "GET / HTTP/1.0" 200 1333 "-" "-"
Nov 15 05:35:23 random-user gunicorn[22280]:  - - [15/Nov/2020:05:35:23 +0000] "GET / HTTP/1.0" 200 1333 "-" "Mozilla/5.0 (Windows NT 6.1) AppleWebKit/537.36 (KHTML, like Gecko) Chrome/65.0.3325.181 Safari/537.36 OPR/52.0.2871.99"
Nov 15 10:55:03 random-user gunicorn[22280]: Not Found: /index.php
Nov 15 10:55:03 random-user gunicorn[22280]:  - - [15/Nov/2020:10:55:03 +0000] "GET /index.php?s=/Index/\think\app/invokefunction&function=call_user_func_array&vars[0]=md5&vars[1][]=HelloThinkPHP21 HTTP/1.0" 404 2622 "-" "Mozilla/5.0 (Windows NT 10.0; Win64; x64) AppleWebKit/537.36 (KHTML, like Gecko) Chrome/78.0.3904.108 Safari/537.36"
Nov 15 10:55:03 random-user gunicorn[22280]:  - - [15/Nov/2020:10:55:03 +0000] "GET /?XDEBUG_SESSION_START=phpstorm HTTP/1.0" 200 1333 "-" "Mozilla/5.0 (Windows NT 10.0; Win64; x64) AppleWebKit/537.36 (KHTML, like Gecko) Chrome/78.0.3904.108 Safari/537.36"
Nov 15 10:55:05 random-user gunicorn[22280]: Not Found: /mifs/.;/services/LogService
Nov 15 10:55:05 random-user gunicorn[22280]:  - - [15/Nov/2020:10:55:05 +0000] "POST /mifs/.;/services/LogService HTTP/1.0" 404 2560 "https://130.245.171.237:443" "Mozilla/5.0 (Windows NT 10.0; Win64; x64) AppleWebKit/537.36 (KHTML, like Gecko) Chrome/78.0.3904.108 Safari/537.36"
Nov 15 10:55:06 random-user gunicorn[22280]: Not Found: /api/jsonws/invoke
Nov 15 10:55:06 random-user gunicorn[22280]:  - - [15/Nov/2020:10:55:06 +0000] "POST /api/jsonws/invoke HTTP/1.0" 404 2528 "-" "Mozilla/5.0 (Windows NT 10.0; Win64; x64) AppleWebKit/537.36 (KHTML, like Gecko) Chrome/78.0.3904.108 Safari/537.36"
Nov 15 10:55:08 random-user gunicorn[22280]: Not Found: /wp-content/plugins/wp-file-manager/readme.txt
Nov 15 10:55:08 random-user gunicorn[22280]:  - - [15/Nov/2020:10:55:08 +0000] "GET /wp-content/plugins/wp-file-manager/readme.txt HTTP/1.0" 404 2611 "-" "Mozilla/5.0 (Windows NT 10.0; Win64; x64) AppleWebKit/537.36 (KHTML, like Gecko) Chrome/78.0.3904.108 Safari/537.36"
Nov 15 10:55:11 random-user gunicorn[22280]: Not Found: /vendor/phpunit/phpunit/src/Util/PHP/eval-stdin.php
Nov 15 10:55:11 random-user gunicorn[22280]:  - - [15/Nov/2020:10:55:11 +0000] "POST /vendor/phpunit/phpunit/src/Util/PHP/eval-stdin.php HTTP/1.0" 404 2627 "-" "Mozilla/5.0 (Windows NT 10.0; Win64; x64) AppleWebKit/537.36 (KHTML, like Gecko) Chrome/78.0.3904.108 Safari/537.36"
Nov 15 10:55:16 random-user gunicorn[22280]: Not Found: /console/
Nov 15 10:55:16 random-user gunicorn[22280]:  - - [15/Nov/2020:10:55:16 +0000] "GET /console/ HTTP/1.0" 404 2500 "-" "Mozilla/5.0 (Windows NT 10.0; Win64; x64) AppleWebKit/537.36 (KHTML, like Gecko) Chrome/78.0.3904.108 Safari/537.36"
Nov 15 11:06:04 random-user gunicorn[22280]:  - - [15/Nov/2020:11:06:04 +0000] "GET / HTTP/1.0" 200 1333 "-" "-"
Nov 15 12:35:19 random-user gunicorn[22280]: Not Found: /robots.txt
Nov 15 12:35:19 random-user gunicorn[22280]:  - - [15/Nov/2020:12:35:19 +0000] "GET /robots.txt HTTP/1.0" 404 2502 "-" "Mozilla/5.0 (compatible; Googlebot/2.1; +http://www.google.com/bot.html)"
Nov 15 12:35:20 random-user gunicorn[22280]:  - - [15/Nov/2020:12:35:20 +0000] "GET / HTTP/1.0" 200 1333 "-" "Mozilla/5.0 (Linux; Android 6.0.1; Nexus 5X Build/MMB29P) AppleWebKit/537.36 (KHTML, like Gecko) Chrome/86.0.4240.96 Mobile Safari/537.36 (compatible; Googlebot/2.1; +http://www.google.com/bot.html)"
Nov 15 12:35:43 random-user gunicorn[22280]: Not Found: /favicon.ico
Nov 15 12:35:43 random-user gunicorn[22280]:  - - [15/Nov/2020:12:35:43 +0000] "GET /favicon.ico HTTP/1.0" 404 2505 "-" "Googlebot-Image/1.0"
Nov 15 13:12:40 random-user gunicorn[22280]:  - - [15/Nov/2020:13:12:40 +0000] "GET / HTTP/1.0" 200 1333 "-" "Mozilla/5.0 (Windows NT 6.1) AppleWebKit/537.36 (KHTML, like Gecko) Chrome/41.0.2228.0 Safari/537.36"
Nov 15 13:33:36 random-user gunicorn[22280]: Not Found: /system_api.php
Nov 15 13:33:36 random-user gunicorn[22280]:  - - [15/Nov/2020:13:33:36 +0000] "GET /system_api.php HTTP/1.0" 404 2514 "-" "Mozilla/5.0 (Windows NT 10.0; Win64; x64) AppleWebKit/537.36 (KHTML, like Gecko) Chrome/74.0.3729.169 Safari/537.36"
Nov 15 13:33:36 random-user gunicorn[22280]: Not Found: /favicon.ico
Nov 15 13:33:36 random-user gunicorn[22280]:  - - [15/Nov/2020:13:33:36 +0000] "GET /favicon.ico HTTP/1.0" 404 2505 "-" "Googlebot-Image/1.0"
Nov 15 13:33:37 random-user gunicorn[22280]: Not Found: /c/version.js
Nov 15 13:33:37 random-user gunicorn[22280]:  - - [15/Nov/2020:13:33:37 +0000] "GET /c/version.js HTTP/1.0" 404 2508 "-" "Mozilla/5.0 (Windows NT 10.0; Win64; x64) AppleWebKit/537.36 (KHTML, like Gecko) Chrome/74.0.3729.169 Safari/537.36"
Nov 15 13:33:38 random-user gunicorn[22280]: Not Found: /streaming/clients_live.php
Nov 15 13:33:38 random-user gunicorn[22280]:  - - [15/Nov/2020:13:33:38 +0000] "GET /streaming/clients_live.php HTTP/1.0" 404 2550 "-" "Mozilla/5.0 (Windows NT 10.0; Win64; x64) AppleWebKit/537.36 (KHTML, like Gecko) Chrome/74.0.3729.169 Safari/537.36"
Nov 15 13:33:38 random-user gunicorn[22280]: Not Found: /stalker_portal/c/version.js
Nov 15 13:33:38 random-user gunicorn[22280]:  - - [15/Nov/2020:13:33:38 +0000] "GET /stalker_portal/c/version.js HTTP/1.0" 404 2553 "-" "Mozilla/5.0 (Windows NT 10.0; Win64; x64) AppleWebKit/537.36 (KHTML, like Gecko) Chrome/74.0.3729.169 Safari/537.36"
Nov 15 13:33:39 random-user gunicorn[22280]: Not Found: /client_area/
Nov 15 13:33:39 random-user gunicorn[22280]:  - - [15/Nov/2020:13:33:39 +0000] "GET /client_area/ HTTP/1.0" 404 2508 "-" "Mozilla/5.0 (Windows NT 10.0; Win64; x64) AppleWebKit/537.36 (KHTML, like Gecko) Chrome/74.0.3729.169 Safari/537.36"
Nov 15 13:33:40 random-user gunicorn[22280]: Not Found: /stalker_portal/c/
Nov 15 13:33:40 random-user gunicorn[22280]:  - - [15/Nov/2020:13:33:40 +0000] "GET /stalker_portal/c/ HTTP/1.0" 404 2523 "-" "Mozilla/5.0 (Windows NT 10.0; Win64; x64) AppleWebKit/537.36 (KHTML, like Gecko) Chrome/74.0.3729.169 Safari/537.36"
Nov 15 14:36:33 random-user gunicorn[22280]:  - - [15/Nov/2020:14:36:33 +0000] "GET / HTTP/1.0" 200 1333 "-" "Mozilla/5.0 (X11; Ubuntu; Linux x86_64; rv:58.0) Gecko/20100101 Firefox/58.0"
Nov 15 14:46:08 random-user gunicorn[22280]: Not Found: /wp-login.php
Nov 15 14:46:08 random-user gunicorn[22280]:  - - [15/Nov/2020:14:46:08 +0000] "GET /wp-login.php HTTP/1.0" 404 2508 "-" "Mozilla/5.0 (Windows NT 10.0; WOW64) AppleWebKit/537.36 (KHTML, like Gecko) Chrome/46.0.2490.80 Safari/537.36"
Nov 15 14:46:39 random-user gunicorn[22280]: Not Found: /robots.txt
Nov 15 14:46:39 random-user gunicorn[22280]:  - - [15/Nov/2020:14:46:39 +0000] "GET /robots.txt HTTP/1.0" 404 2502 "-" "Mozilla/5.0 (Windows NT 10.0; WOW64) AppleWebKit/537.36 (KHTML, like Gecko) Chrome/46.0.2490.80 Safari/537.36"
Nov 15 15:37:52 random-user gunicorn[22280]:  - - [15/Nov/2020:15:37:52 +0000] "GET / HTTP/1.0" 200 1333 "-" "Mozilla/5.0 (X11; Ubuntu; Linux x86_64; rv:58.0) Gecko/20100101 Firefox/58.0"
Nov 15 15:49:56 random-user gunicorn[22280]:  - - [15/Nov/2020:15:49:56 +0000] "GET / HTTP/1.0" 200 1333 "-" "Mozilla/5.0 zgrab/0.x"
Nov 15 16:20:05 random-user gunicorn[22280]: Not Found: /owa/auth/logon.aspx
Nov 15 16:20:05 random-user gunicorn[22280]:  - - [15/Nov/2020:16:20:05 +0000] "GET /owa/auth/logon.aspx?url=https%3a%2f%2f1%2fecp%2f HTTP/1.0" 404 2558 "-" "Mozilla/5.0 zgrab/0.x"
Nov 15 19:33:11 random-user gunicorn[22280]:  - - [15/Nov/2020:19:33:11 +0000] "GET / HTTP/1.0" 200 1333 "-" "Mozilla/5.0 (Windows NT 10.0; Win64; x64) AppleWebKit/537.36 (KHTML, like Gecko) Chrome/60.0.3112.113 Safari/537.36"
Nov 15 19:41:44 random-user gunicorn[22280]:  - - [15/Nov/2020:19:41:44 +0000] "GET / HTTP/1.0" 200 1333 "-" "Mozilla/5.0 (Windows NT 6.0) AppleWebKit/537.36 (KHTML, like Gecko) Chrome/34.0.1847.116 Safari/537.36"
Nov 15 19:45:43 random-user gunicorn[22280]:  - - [15/Nov/2020:19:45:43 +0000] "GET / HTTP/1.0" 200 1333 "-" "-"
Nov 15 19:45:43 random-user gunicorn[22280]:  - - [15/Nov/2020:19:45:43 +0000] "GET / HTTP/1.0" 200 1333 "-" "Mozilla/5.0 (compatible; CensysInspect/1.1; +https://about.censys.io/)"
Nov 15 22:36:51 random-user gunicorn[22280]: Starting new HTTPS connection (1): auth.mobileauth.site:443
Nov 15 22:36:52 random-user gunicorn[22280]: /home/ubuntu/ENV/ClientApp/lib/python3.6/site-packages/urllib3/connectionpool.py:1004: InsecureRequestWarning: Unverified HTTPS request is being made to host 'auth.mobileauth.site'. Adding certificate verification is strongly advised. See: https://urllib3.readthedocs.io/en/latest/advanced-usage.html#ssl-warnings
Nov 15 22:36:52 random-user gunicorn[22280]:   InsecureRequestWarning,
Nov 15 22:36:52 random-user gunicorn[22280]: https://auth.mobileauth.site:443 "POST /apps/loginRequest HTTP/1.1" 200 0
Nov 15 22:36:52 random-user gunicorn[22280]: Response : <Response [200]>
Nov 15 22:36:52 random-user gunicorn[22280]: URL : https://auth.mobileauth.site/user/b0430678-542a-4ee0-ae21-2bf5e7a8189f/
Nov 15 22:36:52 random-user gunicorn[22280]: Initalized Request Object
Nov 15 22:36:52 random-user gunicorn[22280]:  - - [15/Nov/2020:22:36:52 +0000] "GET /login HTTP/1.0" 302 0 "-" "Mozilla/5.0 zgrab/0.x"
Nov 16 00:31:01 random-user gunicorn[22280]:  - - [16/Nov/2020:00:31:01 +0000] "GET / HTTP/1.0" 200 1333 "-" "Mozilla/5.0 (Windows NT 10.0; Win64; x64) AppleWebKit/537.36 (KHTML, like Gecko) Chrome/60.0.3112.113 Safari/537.36"
Nov 16 01:50:53 random-user gunicorn[22280]:  - - [16/Nov/2020:01:50:53 +0000] "GET / HTTP/1.0" 200 1333 "-" "Mozilla/5.0 (Macintosh; Intel Mac OS X 10_11_5) AppleWebKit/537.36 (KHTML, like Gecko) Chrome/50.0.2661.102 Safari/537.36"
Nov 16 02:13:55 random-user gunicorn[22280]:  - - [16/Nov/2020:02:13:55 +0000] "GET / HTTP/1.0" 200 1333 "-" "-"
Nov 16 02:45:39 random-user gunicorn[22280]: Not Found: /index.php
Nov 16 02:45:39 random-user gunicorn[22280]:  - - [16/Nov/2020:02:45:39 +0000] "GET /index.php?s=/Index/\think\app/invokefunction&function=call_user_func_array&vars[0]=md5&vars[1][]=HelloThinkPHP21 HTTP/1.0" 404 2622 "-" "Mozilla/5.0 (Windows NT 10.0; Win64; x64) AppleWebKit/537.36 (KHTML, like Gecko) Chrome/78.0.3904.108 Safari/537.36"
Nov 16 02:45:39 random-user gunicorn[22280]:  - - [16/Nov/2020:02:45:39 +0000] "GET /?XDEBUG_SESSION_START=phpstorm HTTP/1.0" 200 1333 "-" "Mozilla/5.0 (Windows NT 10.0; Win64; x64) AppleWebKit/537.36 (KHTML, like Gecko) Chrome/78.0.3904.108 Safari/537.36"
Nov 16 02:45:40 random-user gunicorn[22280]: Not Found: /wp-content/plugins/wp-file-manager/readme.txt
Nov 16 02:45:40 random-user gunicorn[22280]:  - - [16/Nov/2020:02:45:40 +0000] "GET /wp-content/plugins/wp-file-manager/readme.txt HTTP/1.0" 404 2611 "-" "Mozilla/5.0 (Windows NT 10.0; Win64; x64) AppleWebKit/537.36 (KHTML, like Gecko) Chrome/78.0.3904.108 Safari/537.36"
Nov 16 02:45:40 random-user gunicorn[22280]: Not Found: /mifs/.;/services/LogService
Nov 16 02:45:40 random-user gunicorn[22280]:  - - [16/Nov/2020:02:45:40 +0000] "POST /mifs/.;/services/LogService HTTP/1.0" 404 2560 "https://130.245.171.237:443" "Mozilla/5.0 (Windows NT 10.0; Win64; x64) AppleWebKit/537.36 (KHTML, like Gecko) Chrome/78.0.3904.108 Safari/537.36"
Nov 16 02:45:40 random-user gunicorn[22280]: Not Found: /api/jsonws/invoke
Nov 16 02:45:40 random-user gunicorn[22280]:  - - [16/Nov/2020:02:45:40 +0000] "POST /api/jsonws/invoke HTTP/1.0" 404 2528 "-" "Mozilla/5.0 (Windows NT 10.0; Win64; x64) AppleWebKit/537.36 (KHTML, like Gecko) Chrome/78.0.3904.108 Safari/537.36"
Nov 16 02:45:41 random-user gunicorn[22280]: Not Found: /console/
Nov 16 02:45:41 random-user gunicorn[22280]:  - - [16/Nov/2020:02:45:41 +0000] "GET /console/ HTTP/1.0" 404 2500 "-" "Mozilla/5.0 (Windows NT 10.0; Win64; x64) AppleWebKit/537.36 (KHTML, like Gecko) Chrome/78.0.3904.108 Safari/537.36"
Nov 16 02:45:41 random-user gunicorn[22280]: Not Found: /vendor/phpunit/phpunit/src/Util/PHP/eval-stdin.php
Nov 16 02:45:41 random-user gunicorn[22280]:  - - [16/Nov/2020:02:45:41 +0000] "POST /vendor/phpunit/phpunit/src/Util/PHP/eval-stdin.php HTTP/1.0" 404 2627 "-" "Mozilla/5.0 (Windows NT 10.0; Win64; x64) AppleWebKit/537.36 (KHTML, like Gecko) Chrome/78.0.3904.108 Safari/537.36"
Nov 16 02:45:42 random-user gunicorn[22280]: Not Found: /vendor/phpunit/phpunit/src/Util/PHP/eval-stdin.php
Nov 16 02:45:42 random-user gunicorn[22280]:  - - [16/Nov/2020:02:45:42 +0000] "GET /vendor/phpunit/phpunit/src/Util/PHP/eval-stdin.php HTTP/1.0" 404 2626 "-" "Mozilla/5.0 (Windows NT 10.0; Win64; x64) AppleWebKit/537.36 (KHTML, like Gecko) Chrome/78.0.3904.108 Safari/537.36"
Nov 16 05:22:11 random-user gunicorn[22280]:  - - [16/Nov/2020:05:22:11 +0000] "GET / HTTP/1.0" 200 1333 "-" "-"
Nov 16 08:01:06 random-user gunicorn[22280]:  - - [16/Nov/2020:08:01:06 +0000] "GET / HTTP/1.0" 200 1333 "-" "Mozilla/5.0 (Windows NT 10.0; Win64; x64) AppleWebKit/537.36 (KHTML, like Gecko) Chrome/60.0.3112.113 Safari/537.36"
Nov 16 08:11:38 random-user gunicorn[22280]:  - - [16/Nov/2020:08:11:38 +0000] "GET / HTTP/1.0" 200 1333 "-" "Mozilla/5.0 (Windows NT 10.0; Win64; x64) AppleWebKit/537.36 (KHTML, like Gecko) Chrome/60.0.3112.113 Safari/537.36"
Nov 16 08:56:33 random-user gunicorn[22280]: Not Found: /currentsetting.htm
Nov 16 08:56:33 random-user gunicorn[22280]:  - - [16/Nov/2020:08:56:33 +0000] "GET /currentsetting.htm HTTP/1.0" 404 2526 "-" "-"
Nov 16 10:25:42 random-user gunicorn[22280]: Not Found: /currentsetting.htm
Nov 16 10:25:42 random-user gunicorn[22280]:  - - [16/Nov/2020:10:25:42 +0000] "GET /currentsetting.htm HTTP/1.0" 404 2526 "-" "-"
Nov 16 13:21:04 random-user gunicorn[22280]:  - - [16/Nov/2020:13:21:04 +0000] "GET / HTTP/1.0" 200 1333 "-" "Mozilla/5.0 (Macintosh; Intel Mac OS X 10.11; rv:47.0) Gecko/20100101 Firefox/47.0"
Nov 16 14:40:07 random-user gunicorn[22280]: Not Found: /robots.txt
Nov 16 14:40:07 random-user gunicorn[22280]:  - - [16/Nov/2020:14:40:07 +0000] "GET /robots.txt HTTP/1.0" 404 2502 "-" "Mozilla/5.0 (compatible; AhrefsBot/6.1; +http://ahrefs.com/robot/)"
Nov 16 14:40:08 random-user gunicorn[22280]:  - - [16/Nov/2020:14:40:08 +0000] "GET / HTTP/1.0" 200 1333 "-" "Mozilla/5.0 (compatible; AhrefsBot/7.0; +http://ahrefs.com/robot/)"
Nov 16 14:57:18 random-user gunicorn[22280]: Not Found: /currentsetting.htm
Nov 16 14:57:18 random-user gunicorn[22280]:  - - [16/Nov/2020:14:57:18 +0000] "GET /currentsetting.htm HTTP/1.0" 404 2526 "-" "-"
Nov 16 15:17:52 random-user gunicorn[22280]: Not Found: /currentsetting.htm
Nov 16 15:17:52 random-user gunicorn[22280]:  - - [16/Nov/2020:15:17:52 +0000] "GET /currentsetting.htm HTTP/1.0" 404 2526 "-" "-"
Nov 16 15:40:36 random-user gunicorn[22280]: Not Found: /currentsetting.htm
Nov 16 15:40:36 random-user gunicorn[22280]:  - - [16/Nov/2020:15:40:36 +0000] "GET /currentsetting.htm HTTP/1.0" 404 2526 "-" "-"
Nov 16 15:50:21 random-user gunicorn[22280]:  - - [16/Nov/2020:15:50:21 +0000] "GET / HTTP/1.0" 200 1333 "-" "Mozilla/5.0 zgrab/0.x"
Nov 16 16:18:47 random-user gunicorn[22280]:  - - [16/Nov/2020:16:18:47 +0000] "GET / HTTP/1.0" 200 1333 "-" "Mozilla/5.0 (Windows NT 10.0; Win64; x64) AppleWebKit/537.36 (KHTML, like Gecko) Chrome/60.0.3112.113 Safari/537.36"
Nov 16 16:20:59 random-user gunicorn[22280]: Not Found: /owa/auth/logon.aspx
Nov 16 16:20:59 random-user gunicorn[22280]:  - - [16/Nov/2020:16:20:59 +0000] "GET /owa/auth/logon.aspx?url=https%3a%2f%2f1%2fecp%2f HTTP/1.0" 404 2558 "-" "Mozilla/5.0 zgrab/0.x"
Nov 16 18:19:53 random-user gunicorn[22280]:  - - [16/Nov/2020:18:19:53 +0000] "GET / HTTP/1.0" 200 1333 "-" "NetSystemsResearch studies the availability of various services across the internet. Our website is netsystemsresearch.com"
Nov 16 19:30:34 random-user gunicorn[22280]: Not Found: /wp-login.php
Nov 16 19:30:35 random-user gunicorn[22280]:  - - [16/Nov/2020:19:30:34 +0000] "GET /wp-login.php HTTP/1.0" 404 2508 "http://mobileauth.site/wp-login.php" "Mozilla/5.0 (X11; Ubuntu; Linux x86_64; rv:62.0) Gecko/20100101 Firefox/62.0"
Nov 16 19:56:40 random-user gunicorn[22280]:  - - [16/Nov/2020:19:56:40 +0000] "GET / HTTP/1.0" 200 1333 "-" "Mozilla/5.0 (X11; U; Windows NT 6; en-US) AppleWebKit/534.12 (KHTML, like Gecko) Chrome/9.0.587.0 Safari/534.12"
Nov 16 20:47:44 random-user gunicorn[22280]:  - - [16/Nov/2020:20:47:44 +0000] "GET / HTTP/1.0" 200 1333 "-" "Mozilla/5.0 zgrab/0.x"
Nov 16 21:09:56 random-user gunicorn[22280]:  - - [16/Nov/2020:21:09:56 +0000] "GET / HTTP/1.0" 200 1333 "-" "Mozilla/5.0 (Windows NT 10.0; Win64; x64; rv:72.0) Gecko/20100101 Firefox/72.0"
Nov 16 22:04:16 random-user gunicorn[22280]:  - - [16/Nov/2020:22:04:16 +0000] "GET / HTTP/1.0" 200 1333 "-" "libwww-perl/6.47"
Nov 16 22:06:57 random-user gunicorn[22280]: Not Found: /vendor/phpunit/phpunit/src/Util/PHP/eval-stdin.php
Nov 16 22:06:57 random-user gunicorn[22280]:  - - [16/Nov/2020:22:06:57 +0000] "POST /vendor/phpunit/phpunit/src/Util/PHP/eval-stdin.php HTTP/1.0" 404 2627 "-" "Mozilla/5.0 (Windows NT 10.0; Win64; x64) AppleWebKit/537.36 (KHTML, like Gecko) Chrome/78.0.3904.108 Safari/537.36"
Nov 16 22:07:00 random-user gunicorn[22280]: Not Found: /api/jsonws/invoke
Nov 16 22:07:00 random-user gunicorn[22280]:  - - [16/Nov/2020:22:07:00 +0000] "POST /api/jsonws/invoke HTTP/1.0" 404 2528 "-" "Mozilla/5.0 (Windows NT 10.0; Win64; x64) AppleWebKit/537.36 (KHTML, like Gecko) Chrome/78.0.3904.108 Safari/537.36"
Nov 16 22:07:01 random-user gunicorn[22280]: Not Found: /vendor/phpunit/phpunit/src/Util/PHP/eval-stdin.php
Nov 16 22:07:01 random-user gunicorn[22280]:  - - [16/Nov/2020:22:07:01 +0000] "GET /vendor/phpunit/phpunit/src/Util/PHP/eval-stdin.php HTTP/1.0" 404 2626 "-" "Mozilla/5.0 (Windows NT 10.0; Win64; x64) AppleWebKit/537.36 (KHTML, like Gecko) Chrome/78.0.3904.108 Safari/537.36"
Nov 16 22:07:01 random-user gunicorn[22280]: Not Found: /index.php
Nov 16 22:07:01 random-user gunicorn[22280]:  - - [16/Nov/2020:22:07:01 +0000] "GET /index.php?s=/Index/\think\app/invokefunction&function=call_user_func_array&vars[0]=md5&vars[1][]=HelloThinkPHP21 HTTP/1.0" 404 2622 "-" "Mozilla/5.0 (Windows NT 10.0; Win64; x64) AppleWebKit/537.36 (KHTML, like Gecko) Chrome/78.0.3904.108 Safari/537.36"
Nov 16 22:07:03 random-user gunicorn[22280]:  - - [16/Nov/2020:22:07:03 +0000] "GET /?XDEBUG_SESSION_START=phpstorm HTTP/1.0" 200 1333 "-" "Mozilla/5.0 (Windows NT 10.0; Win64; x64) AppleWebKit/537.36 (KHTML, like Gecko) Chrome/78.0.3904.108 Safari/537.36"
Nov 16 22:07:06 random-user gunicorn[22280]: Not Found: /console/
Nov 16 22:07:06 random-user gunicorn[22280]:  - - [16/Nov/2020:22:07:06 +0000] "GET /console/ HTTP/1.0" 404 2500 "-" "Mozilla/5.0 (Windows NT 10.0; Win64; x64) AppleWebKit/537.36 (KHTML, like Gecko) Chrome/78.0.3904.108 Safari/537.36"
Nov 16 22:07:10 random-user gunicorn[22280]: Not Found: /mifs/.;/services/LogService
Nov 16 22:07:10 random-user gunicorn[22280]:  - - [16/Nov/2020:22:07:10 +0000] "POST /mifs/.;/services/LogService HTTP/1.0" 404 2560 "https://130.245.171.237:443" "Mozilla/5.0 (Windows NT 10.0; Win64; x64) AppleWebKit/537.36 (KHTML, like Gecko) Chrome/78.0.3904.108 Safari/537.36"
Nov 16 22:07:16 random-user gunicorn[22280]: Not Found: /wp-content/plugins/wp-file-manager/readme.txt
Nov 16 22:07:16 random-user gunicorn[22280]:  - - [16/Nov/2020:22:07:16 +0000] "GET /wp-content/plugins/wp-file-manager/readme.txt HTTP/1.0" 404 2611 "-" "Mozilla/5.0 (Windows NT 10.0; Win64; x64) AppleWebKit/537.36 (KHTML, like Gecko) Chrome/78.0.3904.108 Safari/537.36"
Nov 16 22:14:06 random-user gunicorn[22280]:  - - [16/Nov/2020:22:14:06 +0000] "GET / HTTP/1.0" 200 1333 "-" "Mozilla/5.0 (Windows NT 10.0; Win64; x64) AppleWebKit/537.36 (KHTML, like Gecko) Chrome/72.0.3626.109 Safari/537.36"
Nov 16 22:19:16 random-user gunicorn[22280]:  - - [16/Nov/2020:22:19:16 +0000] "GET / HTTP/1.0" 200 1333 "-" "Mozilla/5.0 (X11; U; Windows NT 6; en-US) AppleWebKit/534.12 (KHTML, like Gecko) Chrome/9.0.587.0 Safari/534.12"
Nov 16 22:41:24 random-user gunicorn[22280]:  - - [16/Nov/2020:22:41:24 +0000] "GET / HTTP/1.0" 200 1333 "-" "Mozilla/5.0 (X11; Ubuntu; Linux x86_64; rv:58.0) Gecko/20100101 Firefox/58.0"
Nov 16 23:54:48 random-user gunicorn[22280]:  - - [16/Nov/2020:23:54:48 +0000] "GET / HTTP/1.0" 200 1333 "-" "Baiduspider+(+http://www.baidu.com/search/spider.htm);googlebot|baiduspider|baidu|spider|sogou|bingbot|bot|yahoo|soso|sosospider|360spider|youdaobot|jikeSpider;)"